[debug] [2026-01-31T03:07:09.204Z] ----------------------------------------------------------------------
[debug] [2026-01-31T03:07:09.206Z] Command:       /nix/store/ws50yvm6vzlzf7jzz6n7xh4szddrack1-nodejs-20.19.1/bin/node /nix/store/c776mhyhgykcld7p90ajrka149ifn61a-firebase-tools-14.26.0/lib/node_modules/firebase-tools/lib/bin/firebase.js init hosting
[debug] [2026-01-31T03:07:09.207Z] CLI Version:   14.26.0
[debug] [2026-01-31T03:07:09.207Z] Platform:      linux
[debug] [2026-01-31T03:07:09.207Z] Node Version:  v20.19.1
[debug] [2026-01-31T03:07:09.207Z] Time:          Sat Jan 31 2026 03:07:09 GMT+0000 (Coordinated Universal Time)
[debug] [2026-01-31T03:07:09.208Z] ----------------------------------------------------------------------
[debug] 
[debug] [2026-01-31T03:07:09.215Z] No OAuth tokens found
[debug] [2026-01-31T03:07:09.216Z] No OAuth tokens found
[error] Failed to fetch Firebase Project from current Studio Workspace: Unable to refresh auth: not yet authenticated.
[info] 
     ######## #### ########  ######## ########     ###     ######  ########
     ##        ##  ##     ## ##       ##     ##  ##   ##  ##       ##
     ######    ##  ########  ######   ########  #########  ######  ######
     ##        ##  ##    ##  ##       ##     ## ##     ##       ## ##
     ##       #### ##     ## ######## ########  ##     ##  ######  ########

You're about to initialize a Firebase project in this directory:

  /home/user/beedy-ai

[info] 
=== Project Setup
[info] 
[info] First, let's associate this project directory with a Firebase project.
[info] You can create multiple project aliases by running firebase use --add, 
[info] 
[info] i  If you want to create a project in a Google Cloud organization or folder, please use "firebase projects:create" instead, and return to this command when you've created the project. 
[debug] [2026-01-31T03:07:16.804Z] > command requires scopes: ["email","openid","https://www.googleapis.com/auth/cloudplatformprojects.readonly","https://www.googleapis.com/auth/firebase","https://www.googleapis.com/auth/cloud-platform","https://www.googleapis.com/auth/userinfo.email"]
[debug] [2026-01-31T03:07:16.805Z] > authorizing via signed-in user (lnvvalerie60@gmail.com)
[debug] [2026-01-31T03:07:28.321Z] No OAuth tokens found
[debug] [2026-01-31T03:07:28.325Z] No OAuth tokens found
[debug] [2026-01-31T03:07:28.325Z] > command requires scopes: ["email","openid","https://www.googleapis.com/auth/cloudplatformprojects.readonly","https://www.googleapis.com/auth/firebase","https://www.googleapis.com/auth/cloud-platform","https://www.googleapis.com/auth/userinfo.email"]
[debug] [2026-01-31T03:07:28.325Z] > authorizing via signed-in user (lnvvalerie60@gmail.com)
[debug] [2026-01-31T03:07:28.333Z] >>> [apiv2][query] POST https://firebase.googleapis.com/v1/projects:checkProjectId [none]
[debug] [2026-01-31T03:07:28.334Z] >>> [apiv2][body] POST https://firebase.googleapis.com/v1/projects:checkProjectId {"proposedId":"beedy-ai-project"}
[debug] [2026-01-31T03:07:28.691Z] <<< [apiv2][status] POST https://firebase.googleapis.com/v1/projects:checkProjectId 200
[debug] [2026-01-31T03:07:28.691Z] <<< [apiv2][body] POST https://firebase.googleapis.com/v1/projects:checkProjectId {"projectIdStatus":"PROJECT_ID_AVAILABLE","suggestedProjectId":"beedy-ai-project"}
[debug] [2026-01-31T03:07:32.943Z] No OAuth tokens found
[debug] [2026-01-31T03:07:32.946Z] No OAuth tokens found
[debug] [2026-01-31T03:07:32.946Z] > command requires scopes: ["email","openid","https://www.googleapis.com/auth/cloudplatformprojects.readonly","https://www.googleapis.com/auth/firebase","https://www.googleapis.com/auth/cloud-platform","https://www.googleapis.com/auth/userinfo.email"]
[debug] [2026-01-31T03:07:32.946Z] > authorizing via signed-in user (lnvvalerie60@gmail.com)
[debug] [2026-01-31T03:07:32.947Z] >>> [apiv2][query] POST https://cloudresourcemanager.googleapis.com/v1/projects [none]
[debug] [2026-01-31T03:07:32.947Z] >>> [apiv2][body] POST https://cloudresourcemanager.googleapis.com/v1/projects {"projectId":"beedy-ai-project","name":"beedy-ai-project"}
[debug] [2026-01-31T03:07:33.968Z] <<< [apiv2][status] POST https://cloudresourcemanager.googleapis.com/v1/projects 200
[debug] [2026-01-31T03:07:33.969Z] <<< [apiv2][body] POST https://cloudresourcemanager.googleapis.com/v1/projects {"name":"operations/create_project.global.4926713411921789795"}
[debug] [2026-01-31T03:07:33.982Z] No OAuth tokens found
[debug] [2026-01-31T03:07:33.983Z] No OAuth tokens found
[debug] [2026-01-31T03:07:33.983Z] > command requires scopes: ["email","openid","https://www.googleapis.com/auth/cloudplatformprojects.readonly","https://www.googleapis.com/auth/firebase","https://www.googleapis.com/auth/cloud-platform","https://www.googleapis.com/auth/userinfo.email"]
[debug] [2026-01-31T03:07:33.983Z] > authorizing via signed-in user (lnvvalerie60@gmail.com)
[debug] [2026-01-31T03:07:33.988Z] >>> [apiv2][query] GET https://cloudresourcemanager.googleapis.com/v1/operations/create_project.global.4926713411921789795 [none]
[debug] [2026-01-31T03:07:34.773Z] <<< [apiv2][status] GET https://cloudresourcemanager.googleapis.com/v1/operations/create_project.global.4926713411921789795 200
[debug] [2026-01-31T03:07:34.777Z] <<< [apiv2][body] GET https://cloudresourcemanager.googleapis.com/v1/operations/create_project.global.4926713411921789795 {"name":"operations/create_project.global.4926713411921789795","metadata":{"@type":"type.googleapis.com/google.cloudresourcemanager.v1.ProjectCreationStatus","ready":true},"done":true,"error":{"code":8,"message":"The project cannot be created because you have exceeded your allotted project quota.","details":[{"@type":"type.googleapis.com/google.rpc.QuotaFailure","violations":[{"description":"The project cannot be created because you have exceeded your allotted project quota."}]}]}}
[debug] [2026-01-31T03:07:34.811Z] FirebaseError: The project cannot be created because you have exceeded your allotted project quota.
    at OperationPoller.poll (/nix/store/c776mhyhgykcld7p90ajrka149ifn61a-firebase-tools-14.26.0/lib/node_modules/firebase-tools/lib/operation-poller.js:24:19)
    at process.processTicksAndRejections (node:internal/process/task_queues:95:5)
    at async createCloudProject (/nix/store/c776mhyhgykcld7p90ajrka149ifn61a-firebase-tools-14.26.0/lib/node_modules/firebase-tools/lib/management/projects.js:227:29)
    at async createFirebaseProjectAndLog (/nix/store/c776mhyhgykcld7p90ajrka149ifn61a-firebase-tools-14.26.0/lib/node_modules/firebase-tools/lib/management/projects.js:87:9)
    at async Object.doSetup (/nix/store/c776mhyhgykcld7p90ajrka149ifn61a-firebase-tools-14.26.0/lib/node_modules/firebase-tools/lib/init/features/project.js:65:24)
    at async init (/nix/store/c776mhyhgykcld7p90ajrka149ifn61a-firebase-tools-14.26.0/lib/node_modules/firebase-tools/lib/init/index.js:77:13)
    at async Command.initAction [as actionFn] (/nix/store/c776mhyhgykcld7p90ajrka149ifn61a-firebase-tools-14.26.0/lib/node_modules/firebase-tools/lib/commands/init.js:217:5)
[error] 
[error] Error: Failed to create project. See firebase-debug.log for more info.
